c:\users\user\documents\c++\stringsearching\strings\x64\release\vc141.pdb
c:\users\user\documents\c++\stringsearching\strings\x64\release\utils.obj
c:\users\user\documents\c++\stringsearching\strings\x64\release\main.obj
c:\users\user\documents\c++\threadsandstringsearch\strings\x64\release\vc142.pdb
c:\users\user\documents\c++\threadsandstringsearch\strings\x64\release\utils.obj
c:\users\user\documents\c++\threadsandstringsearch\strings\x64\release\main.obj
c:\users\user\documents\c++\stringsearching\x64\release\strings.exe
c:\users\user\documents\c++\stringsearching\x64\release\strings.pdb
c:\users\user\documents\c++\threadsandstringsearch\x64\release\strings.exe
c:\users\user\documents\c++\threadsandstringsearch\x64\release\strings.pdb
c:\users\user\documents\c++\stringsearching\x64\release\strings.ipdb
c:\users\user\documents\c++\stringsearching\x64\release\strings.iobj
c:\users\user\documents\c++\threadsandstringsearch\x64\release\strings.ipdb
c:\users\user\documents\c++\threadsandstringsearch\x64\release\strings.iobj
c:\users\user\documents\c++\threadsandstringsearch\strings\x64\release\vc141.pdb
c:\users\user\documents\c++\threadsandstringsearch\strings\x64\release\strings.tlog\cl.command.1.tlog
c:\users\user\documents\c++\threadsandstringsearch\strings\x64\release\strings.tlog\cl.read.1.tlog
c:\users\user\documents\c++\threadsandstringsearch\strings\x64\release\strings.tlog\cl.write.1.tlog
c:\users\user\documents\c++\threadsandstringsearch\strings\x64\release\strings.tlog\link.command.1.tlog
c:\users\user\documents\c++\threadsandstringsearch\strings\x64\release\strings.tlog\link.read.1.tlog
c:\users\user\documents\c++\threadsandstringsearch\strings\x64\release\strings.tlog\link.write.1.tlog
c:\users\user\documents\c++\threadsandstringsearch\strings\x64\release\strings.tlog\strings.write.1u.tlog
