  main.cpp
C:\Users\User\Documents\C++\ThreadsAndStringSearch\strings\main.cpp(121,13): warning C4244: '=': conversion from 'Position' to 'int', possible loss of data
C:\Users\User\Documents\C++\ThreadsAndStringSearch\strings\main.cpp(125,37): warning C4244: '=': conversion from 'Position' to 'int', possible loss of data
C:\Users\User\Documents\C++\ThreadsAndStringSearch\strings\main.cpp(162,13): warning C4244: '=': conversion from 'Position' to 'int', possible loss of data
C:\Users\User\Documents\C++\ThreadsAndStringSearch\strings\main.cpp(166,37): warning C4244: '=': conversion from 'Position' to 'int', possible loss of data
C:\Users\User\Documents\C++\ThreadsAndStringSearch\strings\main.cpp(172,25): warning C4018: '<': signed/unsigned mismatch
C:\Users\User\Documents\C++\ThreadsAndStringSearch\strings\main.cpp(207,32): warning C4267: 'initializing': conversion from 'size_t' to 'int', possible loss of data
C:\Users\User\Documents\C++\ThreadsAndStringSearch\strings\main.cpp(208,30): warning C4267: 'initializing': conversion from 'size_t' to 'int', possible loss of data
C:\Users\User\Documents\C++\ThreadsAndStringSearch\strings\main.cpp(392,64): warning C4244: '=': conversion from '_Rep' to 'float', possible loss of data
          with
          [
              _Rep=__int64
          ]
C:\Users\User\Documents\C++\ThreadsAndStringSearch\strings\main.cpp(401,64): warning C4244: '=': conversion from '_Rep' to 'float', possible loss of data
          with
          [
              _Rep=__int64
          ]
  Generating code
  1 of 398 functions ( 0.3%) were compiled, the rest were copied from previous compilation.
    0 functions were new in current compilation
    0 functions had inline decision re-evaluated but remain unchanged
  Finished generating code
  strings.vcxproj -> C:\Users\User\Documents\C++\ThreadsAndStringSearch\x64\Release\strings.exe
