  main.cpp
C:\Users\User\Documents\C++\ThreadsAndStringSearch\strings\main.cpp(98,13): warning C4244: '=': conversion from 'Position' to 'int', possible loss of data
C:\Users\User\Documents\C++\ThreadsAndStringSearch\strings\main.cpp(102,37): warning C4244: '=': conversion from 'Position' to 'int', possible loss of data
C:\Users\User\Documents\C++\ThreadsAndStringSearch\strings\main.cpp(139,13): warning C4244: '=': conversion from 'Position' to 'int', possible loss of data
C:\Users\User\Documents\C++\ThreadsAndStringSearch\strings\main.cpp(143,37): warning C4244: '=': conversion from 'Position' to 'int', possible loss of data
C:\Users\User\Documents\C++\ThreadsAndStringSearch\strings\main.cpp(149,25): warning C4018: '<': signed/unsigned mismatch
C:\Users\User\Documents\C++\ThreadsAndStringSearch\strings\main.cpp(181,32): warning C4267: 'initializing': conversion from 'size_t' to 'int', possible loss of data
C:\Users\User\Documents\C++\ThreadsAndStringSearch\strings\main.cpp(182,30): warning C4267: 'initializing': conversion from 'size_t' to 'int', possible loss of data
C:\Users\User\Documents\C++\ThreadsAndStringSearch\strings\main.cpp(357,66): warning C4244: '=': conversion from '_Rep' to 'float', possible loss of data
          with
          [
              _Rep=__int64
          ]
C:\Users\User\Documents\C++\ThreadsAndStringSearch\strings\main.cpp(368,66): warning C4244: '=': conversion from '_Rep' to 'float', possible loss of data
          with
          [
              _Rep=__int64
          ]
  utils.cpp
  Generating Code...
  strings.vcxproj -> C:\Users\User\Documents\C++\ThreadsAndStringSearch\x64\Debug\strings.exe
